[2021-10-12 18:04:17,464] INFO [GroupMetadataManager brokerId=0] Removed 0 expired offsets in 1 milliseconds. (kafka.coordinator.group.GroupMetadataManager)
[2021-10-12 18:14:17,464] INFO [GroupMetadataManager brokerId=0] Removed 0 expired offsets in 1 milliseconds. (kafka.coordinator.group.GroupMetadataManager)
[2021-10-12 18:17:36,644] INFO [ReplicaFetcherManager on broker 0] Removed fetcher for partitions 2015-jul-1-0 (kafka.server.ReplicaFetcherManager)
[2021-10-12 18:17:36,647] INFO [Log partition=2015-jul-1-0, dir=/tmp/kafka-logs] Loading producer state till offset 0 with message format version 2 (kafka.log.Log)
[2021-10-12 18:17:36,647] INFO [Log partition=2015-jul-1-0, dir=/tmp/kafka-logs] Completed load of log with 1 segments, log start offset 0 and log end offset 0 in 0 ms (kafka.log.Log)
[2021-10-12 18:17:36,648] INFO Created log for partition 2015-jul-1-0 in /tmp/kafka-logs with properties {compression.type -> producer, message.format.version -> 2.0-IV1, file.delete.delay.ms -> 60000, max.message.bytes -> 1000012, min.compaction.lag.ms -> 0, message.timestamp.type -> CreateTime, message.downconversion.enable -> true, min.insync.replicas -> 1, segment.jitter.ms -> 0, preallocate -> false, min.cleanable.dirty.ratio -> 0.5, index.interval.bytes -> 4096, unclean.leader.election.enable -> false, retention.bytes -> -1, delete.retention.ms -> 86400000, cleanup.policy -> [delete], flush.ms -> 9223372036854775807, segment.ms -> 604800000, segment.bytes -> 1073741824, retention.ms -> 604800000, message.timestamp.difference.max.ms -> 9223372036854775807, segment.index.bytes -> 10485760, flush.messages -> 9223372036854775807}. (kafka.log.LogManager)
[2021-10-12 18:17:36,648] INFO [Partition 2015-jul-1-0 broker=0] No checkpointed highwatermark is found for partition 2015-jul-1-0 (kafka.cluster.Partition)
[2021-10-12 18:17:36,648] INFO Replica loaded for partition 2015-jul-1-0 with initial high watermark 0 (kafka.cluster.Replica)
[2021-10-12 18:17:36,648] INFO [Partition 2015-jul-1-0 broker=0] 2015-jul-1-0 starts at Leader Epoch 0 from offset 0. Previous Leader Epoch was: -1 (kafka.cluster.Partition)
[2021-10-12 18:17:36,648] INFO [ReplicaAlterLogDirsManager on broker 0] Added fetcher for partitions List() (kafka.server.ReplicaAlterLogDirsManager)
[2021-10-12 18:17:38,152] INFO Updated PartitionLeaderEpoch. New: {epoch:0, offset:0}, Current: {epoch:-1, offset:-1} for Partition: 2015-jul-1-0. Cache now contains 0 entries. (kafka.server.epoch.LeaderEpochFileCache)
[2021-10-12 18:19:45,229] INFO Terminating process due to signal SIGHUP (org.apache.kafka.common.utils.LoggingSignalHandler)
[2021-10-12 18:19:45,229] INFO Terminating process due to signal SIGHUP (org.apache.kafka.common.utils.LoggingSignalHandler)
[2021-10-12 18:19:45,234] INFO [KafkaServer id=0] shutting down (kafka.server.KafkaServer)
[2021-10-12 18:19:45,236] INFO [KafkaServer id=0] Starting controlled shutdown (kafka.server.KafkaServer)
[2021-10-12 18:19:45,269] INFO [KafkaServer id=0] Controlled shutdown succeeded (kafka.server.KafkaServer)
[2021-10-12 18:19:45,275] INFO [/config/changes-event-process-thread]: Shutting down (kafka.common.ZkNodeChangeNotificationListener$ChangeEventProcessThread)
[2021-10-12 18:19:45,276] INFO [/config/changes-event-process-thread]: Shutdown completed (kafka.common.ZkNodeChangeNotificationListener$ChangeEventProcessThread)
[2021-10-12 18:19:45,276] INFO [/config/changes-event-process-thread]: Stopped (kafka.common.ZkNodeChangeNotificationListener$ChangeEventProcessThread)
[2021-10-12 18:19:45,278] INFO [SocketServer brokerId=0] Stopping socket server request processors (kafka.network.SocketServer)
[2021-10-12 18:19:45,293] INFO [SocketServer brokerId=0] Stopped socket server request processors (kafka.network.SocketServer)
[2021-10-12 18:19:45,295] INFO [Kafka Request Handler on Broker 0], shutting down (kafka.server.KafkaRequestHandlerPool)
[2021-10-12 18:19:45,297] INFO [Kafka Request Handler on Broker 0], shut down completely (kafka.server.KafkaRequestHandlerPool)
[2021-10-12 18:19:45,305] INFO [KafkaApi-0] Shutdown complete. (kafka.server.KafkaApis)
[2021-10-12 18:19:45,307] INFO [ExpirationReaper-0-topic]: Shutting down (kafka.server.DelayedOperationPurgatory$ExpiredOperationReaper)
[2021-10-12 18:19:45,428] INFO [ExpirationReaper-0-topic]: Stopped (kafka.server.DelayedOperationPurgatory$ExpiredOperationReaper)
[2021-10-12 18:19:45,428] INFO [ExpirationReaper-0-topic]: Shutdown completed (kafka.server.DelayedOperationPurgatory$ExpiredOperationReaper)
[2021-10-12 18:19:45,432] INFO [TransactionCoordinator id=0] Shutting down. (kafka.coordinator.transaction.TransactionCoordinator)
[2021-10-12 18:19:45,433] INFO [ProducerId Manager 0]: Shutdown complete: last producerId assigned 6000 (kafka.coordinator.transaction.ProducerIdManager)
[2021-10-12 18:19:45,434] INFO [Transaction State Manager 0]: Shutdown complete (kafka.coordinator.transaction.TransactionStateManager)
[2021-10-12 18:19:45,434] INFO [Transaction Marker Channel Manager 0]: Shutting down (kafka.coordinator.transaction.TransactionMarkerChannelManager)
[2021-10-12 18:19:45,435] INFO [Transaction Marker Channel Manager 0]: Stopped (kafka.coordinator.transaction.TransactionMarkerChannelManager)
[2021-10-12 18:19:45,435] INFO [Transaction Marker Channel Manager 0]: Shutdown completed (kafka.coordinator.transaction.TransactionMarkerChannelManager)
[2021-10-12 18:19:45,435] INFO [TransactionCoordinator id=0] Shutdown complete. (kafka.coordinator.transaction.TransactionCoordinator)
[2021-10-12 18:19:45,436] INFO [GroupCoordinator 0]: Shutting down. (kafka.coordinator.group.GroupCoordinator)
[2021-10-12 18:19:45,436] INFO [ExpirationReaper-0-Heartbeat]: Shutting down (kafka.server.DelayedOperationPurgatory$ExpiredOperationReaper)
[2021-10-12 18:19:45,591] INFO [ExpirationReaper-0-Heartbeat]: Stopped (kafka.server.DelayedOperationPurgatory$ExpiredOperationReaper)
[2021-10-12 18:19:45,591] INFO [ExpirationReaper-0-Heartbeat]: Shutdown completed (kafka.server.DelayedOperationPurgatory$ExpiredOperationReaper)
[2021-10-12 18:19:45,592] INFO [ExpirationReaper-0-Rebalance]: Shutting down (kafka.server.DelayedOperationPurgatory$ExpiredOperationReaper)
[2021-10-12 18:19:45,659] INFO Unable to read additional data from server sessionid 0x17c52ed1da6001a, likely server has closed socket, closing socket connection and attempting reconnect (org.apache.zookeeper.ClientCnxn)
[2021-10-12 18:19:45,729] INFO [ExpirationReaper-0-Rebalance]: Stopped (kafka.server.DelayedOperationPurgatory$ExpiredOperationReaper)
[2021-10-12 18:19:45,729] INFO [ExpirationReaper-0-Rebalance]: Shutdown completed (kafka.server.DelayedOperationPurgatory$ExpiredOperationReaper)
[2021-10-12 18:19:45,731] INFO [GroupCoordinator 0]: Shutdown complete. (kafka.coordinator.group.GroupCoordinator)
[2021-10-12 18:19:45,733] INFO [ReplicaManager broker=0] Shutting down (kafka.server.ReplicaManager)
[2021-10-12 18:19:45,733] INFO [LogDirFailureHandler]: Shutting down (kafka.server.ReplicaManager$LogDirFailureHandler)
[2021-10-12 18:19:45,733] INFO [LogDirFailureHandler]: Stopped (kafka.server.ReplicaManager$LogDirFailureHandler)
[2021-10-12 18:19:45,733] INFO [LogDirFailureHandler]: Shutdown completed (kafka.server.ReplicaManager$LogDirFailureHandler)
[2021-10-12 18:19:45,734] INFO [ReplicaFetcherManager on broker 0] shutting down (kafka.server.ReplicaFetcherManager)
[2021-10-12 18:19:45,737] INFO [ReplicaFetcherManager on broker 0] shutdown completed (kafka.server.ReplicaFetcherManager)
[2021-10-12 18:19:45,738] INFO [ReplicaAlterLogDirsManager on broker 0] shutting down (kafka.server.ReplicaAlterLogDirsManager)
[2021-10-12 18:19:45,739] INFO [ReplicaAlterLogDirsManager on broker 0] shutdown completed (kafka.server.ReplicaAlterLogDirsManager)
[2021-10-12 18:19:45,739] INFO [ExpirationReaper-0-Fetch]: Shutting down (kafka.server.DelayedOperationPurgatory$ExpiredOperationReaper)
[2021-10-12 18:19:45,835] INFO [ExpirationReaper-0-Fetch]: Shutdown completed (kafka.server.DelayedOperationPurgatory$ExpiredOperationReaper)
[2021-10-12 18:19:45,835] INFO [ExpirationReaper-0-Fetch]: Stopped (kafka.server.DelayedOperationPurgatory$ExpiredOperationReaper)
[2021-10-12 18:19:45,836] INFO [ExpirationReaper-0-Produce]: Shutting down (kafka.server.DelayedOperationPurgatory$ExpiredOperationReaper)
[2021-10-12 18:19:46,007] INFO [ExpirationReaper-0-Produce]: Stopped (kafka.server.DelayedOperationPurgatory$ExpiredOperationReaper)
[2021-10-12 18:19:46,008] INFO [ExpirationReaper-0-Produce]: Shutdown completed (kafka.server.DelayedOperationPurgatory$ExpiredOperationReaper)
[2021-10-12 18:19:46,008] INFO [ExpirationReaper-0-DeleteRecords]: Shutting down (kafka.server.DelayedOperationPurgatory$ExpiredOperationReaper)
[2021-10-12 18:19:46,011] INFO [ExpirationReaper-0-DeleteRecords]: Stopped (kafka.server.DelayedOperationPurgatory$ExpiredOperationReaper)
[2021-10-12 18:19:46,011] INFO [ExpirationReaper-0-DeleteRecords]: Shutdown completed (kafka.server.DelayedOperationPurgatory$ExpiredOperationReaper)
[2021-10-12 18:19:46,019] INFO [ReplicaManager broker=0] Shut down completely (kafka.server.ReplicaManager)
[2021-10-12 18:19:46,021] INFO Shutting down. (kafka.log.LogManager)
[2021-10-12 18:19:46,041] INFO [ProducerStateManager partition=__consumer_offsets-4] Writing producer snapshot at offset 5 (kafka.log.ProducerStateManager)
[2021-10-12 18:19:46,046] INFO [ProducerStateManager partition=__consumer_offsets-23] Writing producer snapshot at offset 16 (kafka.log.ProducerStateManager)
[2021-10-12 18:19:46,051] INFO [ProducerStateManager partition=2015-aug-2-0] Writing producer snapshot at offset 6611546 (kafka.log.ProducerStateManager)
[2021-10-12 18:19:46,055] INFO [ProducerStateManager partition=__consumer_offsets-24] Writing producer snapshot at offset 8 (kafka.log.ProducerStateManager)
[2021-10-12 18:19:46,056] INFO [ProducerStateManager partition=wiki-0] Writing producer snapshot at offset 7509885 (kafka.log.ProducerStateManager)
[2021-10-12 18:19:46,074] INFO [ProducerStateManager partition=2015-jul-1-0] Writing producer snapshot at offset 1411226 (kafka.log.ProducerStateManager)
[2021-10-12 18:19:46,078] INFO [ProducerStateManager partition=__consumer_offsets-10] Writing producer snapshot at offset 22 (kafka.log.ProducerStateManager)
[2021-10-12 18:19:46,095] INFO Shutdown complete. (kafka.log.LogManager)
[2021-10-12 18:19:46,104] INFO [ZooKeeperClient] Closing. (kafka.zookeeper.ZooKeeperClient)
[2021-10-12 18:25:10,238] INFO Registered kafka:type=kafka.Log4jController MBean (kafka.utils.Log4jControllerRegistration$)
[2021-10-12 18:25:10,589] INFO starting (kafka.server.KafkaServer)
[2021-10-12 18:25:10,590] INFO Connecting to zookeeper on localhost:2181 (kafka.server.KafkaServer)
[2021-10-12 18:25:10,609] INFO [ZooKeeperClient] Initializing a new session to localhost:2181. (kafka.zookeeper.ZooKeeperClient)
[2021-10-12 18:25:10,615] INFO Client environment:zookeeper.version=3.4.13-2d71af4dbe22557fda74f9a9b4309b15a7487f03, built on 06/29/2018 00:39 GMT (org.apache.zookeeper.ZooKeeper)
[2021-10-12 18:25:10,615] INFO Client environment:host.name=ID2221 (org.apache.zookeeper.ZooKeeper)
[2021-10-12 18:25:10,615] INFO Client environment:java.version=1.8.0_292 (org.apache.zookeeper.ZooKeeper)
[2021-10-12 18:25:10,615] INFO Client environment:java.vendor=Private Build (org.apache.zookeeper.ZooKeeper)
[2021-10-12 18:25:10,616] INFO Client environment:java.home=/usr/lib/jvm/java-8-openjdk-amd64/jre (org.apache.zookeeper.ZooKeeper)
[2021-10-12 18:25:10,616] INFO Client environment:java.class.path=/home/emilstahl/kafka_2.11-2.0.0/bin/../libs/activation-1.1.1.jar:/home/emilstahl/kafka_2.11-2.0.0/bin/../libs/aopalliance-repackaged-2.5.0-b42.jar:/home/emilstahl/kafka_2.11-2.0.0/bin/../libs/argparse4j-0.7.0.jar:/home/emilstahl/kafka_2.11-2.0.0/bin/../libs/audience-annotations-0.5.0.jar:/home/emilstahl/kafka_2.11-2.0.0/bin/../libs/commons-lang3-3.5.jar:/home/emilstahl/kafka_2.11-2.0.0/bin/../libs/connect-api-2.0.0.jar:/home/emilstahl/kafka_2.11-2.0.0/bin/../libs/connect-basic-auth-extension-2.0.0.jar:/home/emilstahl/kafka_2.11-2.0.0/bin/../libs/connect-file-2.0.0.jar:/home/emilstahl/kafka_2.11-2.0.0/bin/../libs/connect-json-2.0.0.jar:/home/emilstahl/kafka_2.11-2.0.0/bin/../libs/connect-runtime-2.0.0.jar:/home/emilstahl/kafka_2.11-2.0.0/bin/../libs/connect-transforms-2.0.0.jar:/home/emilstahl/kafka_2.11-2.0.0/bin/../libs/guava-20.0.jar:/home/emilstahl/kafka_2.11-2.0.0/bin/../libs/hk2-api-2.5.0-b42.jar:/home/emilstahl/kafka_2.11-2.0.0/bin/../libs/hk2-locator-2.5.0-b42.jar:/home/emilstahl/kafka_2.11-2.0.0/bin/../libs/hk2-utils-2.5.0-b42.jar:/home/emilstahl/kafka_2.11-2.0.0/bin/../libs/jackson-annotations-2.9.6.jar:/home/emilstahl/kafka_2.11-2.0.0/bin/../libs/jackson-core-2.9.6.jar:/home/emilstahl/kafka_2.11-2.0.0/bin/../libs/jackson-databind-2.9.6.jar:/home/emilstahl/kafka_2.11-2.0.0/bin/../libs/jackson-jaxrs-base-2.9.6.jar:/home/emilstahl/kafka_2.11-2.0.0/bin/../libs/jackson-jaxrs-json-provider-2.9.6.jar:/home/emilstahl/kafka_2.11-2.0.0/bin/../libs/jackson-module-jaxb-annotations-2.9.6.jar:/home/emilstahl/kafka_2.11-2.0.0/bin/../libs/javassist-3.22.0-CR2.jar:/home/emilstahl/kafka_2.11-2.0.0/bin/../libs/javax.annotation-api-1.2.jar:/home/emilstahl/kafka_2.11-2.0.0/bin/../libs/javax.inject-1.jar:/home/emilstahl/kafka_2.11-2.0.0/bin/../libs/javax.inject-2.5.0-b42.jar:/home/emilstahl/kafka_2.11-2.0.0/bin/../libs/javax.servlet-api-3.1.0.jar:/home/emilstahl/kafka_2.11-2.0.0/bin/../libs/javax.ws.rs-api-2.1.jar:/home/emilstahl/kafka_2.11-2.0.0/bin/../libs/jaxb-api-2.3.0.jar:/home/emilstahl/kafka_2.11-2.0.0/bin/../libs/jersey-client-2.27.jar:/home/emilstahl/kafka_2.11-2.0.0/bin/../libs/jersey-common-2.27.jar:/home/emilstahl/kafka_2.11-2.0.0/bin/../libs/jersey-container-servlet-2.27.jar:/home/emilstahl/kafka_2.11-2.0.0/bin/../libs/jersey-container-servlet-core-2.27.jar:/home/emilstahl/kafka_2.11-2.0.0/bin/../libs/jersey-hk2-2.27.jar:/home/emilstahl/kafka_2.11-2.0.0/bin/../libs/jersey-media-jaxb-2.27.jar:/home/emilstahl/kafka_2.11-2.0.0/bin/../libs/jersey-server-2.27.jar:/home/emilstahl/kafka_2.11-2.0.0/bin/../libs/jetty-client-9.4.11.v20180605.jar:/home/emilstahl/kafka_2.11-2.0.0/bin/../libs/jetty-continuation-9.4.11.v20180605.jar:/home/emilstahl/kafka_2.11-2.0.0/bin/../libs/jetty-http-9.4.11.v20180605.jar:/home/emilstahl/kafka_2.11-2.0.0/bin/../libs/jetty-io-9.4.11.v20180605.jar:/home/emilstahl/kafka_2.11-2.0.0/bin/../libs/jetty-security-9.4.11.v20180605.jar:/home/emilstahl/kafka_2.11-2.0.0/bin/../libs/jetty-server-9.4.11.v20180605.jar:/home/emilstahl/kafka_2.11-2.0.0/bin/../libs/jetty-servlet-9.4.11.v20180605.jar:/home/emilstahl/kafka_2.11-2.0.0/bin/../libs/jetty-servlets-9.4.11.v20180605.jar:/home/emilstahl/kafka_2.11-2.0.0/bin/../libs/jetty-util-9.4.11.v20180605.jar:/home/emilstahl/kafka_2.11-2.0.0/bin/../libs/jopt-simple-5.0.4.jar:/home/emilstahl/kafka_2.11-2.0.0/bin/../libs/kafka_2.11-2.0.0.jar:/home/emilstahl/kafka_2.11-2.0.0/bin/../libs/kafka_2.11-2.0.0-sources.jar:/home/emilstahl/kafka_2.11-2.0.0/bin/../libs/kafka-clients-2.0.0.jar:/home/emilstahl/kafka_2.11-2.0.0/bin/../libs/kafka-log4j-appender-2.0.0.jar:/home/emilstahl/kafka_2.11-2.0.0/bin/../libs/kafka-streams-2.0.0.jar:/home/emilstahl/kafka_2.11-2.0.0/bin/../libs/kafka-streams-examples-2.0.0.jar:/home/emilstahl/kafka_2.11-2.0.0/bin/../libs/kafka-streams-scala_2.11-2.0.0.jar:/home/emilstahl/kafka_2.11-2.0.0/bin/../libs/kafka-streams-test-utils-2.0.0.jar:/home/emilstahl/kafka_2.11-2.0.0/bin/../libs/kafka-tools-2.0.0.jar:/home/emilstahl/kafka_2.11-2.0.0/bin/../libs/log4j-1.2.17.jar:/home/emilstahl/kafka_2.11-2.0.0/bin/../libs/lz4-java-1.4.1.jar:/home/emilstahl/kafka_2.11-2.0.0/bin/../libs/maven-artifact-3.5.3.jar:/home/emilstahl/kafka_2.11-2.0.0/bin/../libs/metrics-core-2.2.0.jar:/home/emilstahl/kafka_2.11-2.0.0/bin/../libs/osgi-resource-locator-1.0.1.jar:/home/emilstahl/kafka_2.11-2.0.0/bin/../libs/plexus-utils-3.1.0.jar:/home/emilstahl/kafka_2.11-2.0.0/bin/../libs/reflections-0.9.11.jar:/home/emilstahl/kafka_2.11-2.0.0/bin/../libs/rocksdbjni-5.7.3.jar:/home/emilstahl/kafka_2.11-2.0.0/bin/../libs/scala-library-2.11.12.jar:/home/emilstahl/kafka_2.11-2.0.0/bin/../libs/scala-logging_2.11-3.9.0.jar:/home/emilstahl/kafka_2.11-2.0.0/bin/../libs/scala-reflect-2.11.12.jar:/home/emilstahl/kafka_2.11-2.0.0/bin/../libs/slf4j-api-1.7.25.jar:/home/emilstahl/kafka_2.11-2.0.0/bin/../libs/slf4j-log4j12-1.7.25.jar:/home/emilstahl/kafka_2.11-2.0.0/bin/../libs/snappy-java-1.1.7.1.jar:/home/emilstahl/kafka_2.11-2.0.0/bin/../libs/validation-api-1.1.0.Final.jar:/home/emilstahl/kafka_2.11-2.0.0/bin/../libs/zkclient-0.10.jar:/home/emilstahl/kafka_2.11-2.0.0/bin/../libs/zookeeper-3.4.13.jar (org.apache.zookeeper.ZooKeeper)
[2021-10-12 18:25:10,616] INFO Client environment:java.library.path=/usr/java/packages/lib/amd64:/usr/lib/x86_64-linux-gnu/jni:/lib/x86_64-linux-gnu:/usr/lib/x86_64-linux-gnu:/usr/lib/jni:/lib:/usr/lib (org.apache.zookeeper.ZooKeeper)
[2021-10-12 18:25:10,616] INFO Client environment:java.io.tmpdir=/tmp (org.apache.zookeeper.ZooKeeper)
[2021-10-12 18:25:10,616] INFO Client environment:java.compiler=<NA> (org.apache.zookeeper.ZooKeeper)
[2021-10-12 18:25:10,616] INFO Client environment:os.name=Linux (org.apache.zookeeper.ZooKeeper)
[2021-10-12 18:25:10,616] INFO Client environment:os.arch=amd64 (org.apache.zookeeper.ZooKeeper)
[2021-10-12 18:25:10,616] INFO Client environment:os.version=5.4.0-87-generic (org.apache.zookeeper.ZooKeeper)
[2021-10-12 18:25:10,617] INFO Client environment:user.name=emilstahl (org.apache.zookeeper.ZooKeeper)
[2021-10-12 18:25:10,617] INFO Client environment:user.home=/home/emilstahl (org.apache.zookeeper.ZooKeeper)
[2021-10-12 18:25:10,617] INFO Client environment:user.dir=/home/emilstahl (org.apache.zookeeper.ZooKeeper)
[2021-10-12 18:25:10,618] INFO Initiating client connection, connectString=localhost:2181 sessionTimeout=6000 watcher=kafka.zookeeper.ZooKeeperClient$ZooKeeperClientWatcher$@3c19aaa5 (org.apache.zookeeper.ZooKeeper)
[2021-10-12 18:25:10,634] INFO [ZooKeeperClient] Waiting until connected. (kafka.zookeeper.ZooKeeperClient)
[2021-10-12 18:25:10,635] INFO Opening socket connection to server localhost/127.0.0.1:2181. Will not attempt to authenticate using SASL (unknown error) (org.apache.zookeeper.ClientCnxn)
[2021-10-12 18:25:10,644] INFO Socket error occurred: localhost/127.0.0.1:2181: Connection refused (org.apache.zookeeper.ClientCnxn)
[2021-10-12 18:25:11,747] INFO Opening socket connection to server localhost/127.0.0.1:2181. Will not attempt to authenticate using SASL (unknown error) (org.apache.zookeeper.ClientCnxn)
[2021-10-12 18:25:11,747] INFO Socket error occurred: localhost/127.0.0.1:2181: Connection refused (org.apache.zookeeper.ClientCnxn)
[2021-10-12 18:25:12,848] INFO Opening socket connection to server localhost/127.0.0.1:2181. Will not attempt to authenticate using SASL (unknown error) (org.apache.zookeeper.ClientCnxn)
[2021-10-12 18:25:12,849] INFO Socket error occurred: localhost/127.0.0.1:2181: Connection refused (org.apache.zookeeper.ClientCnxn)
[2021-10-12 18:25:13,950] INFO Opening socket connection to server localhost/127.0.0.1:2181. Will not attempt to authenticate using SASL (unknown error) (org.apache.zookeeper.ClientCnxn)
[2021-10-12 18:25:13,950] INFO Socket error occurred: localhost/127.0.0.1:2181: Connection refused (org.apache.zookeeper.ClientCnxn)
[2021-10-12 18:25:15,051] INFO Opening socket connection to server localhost/127.0.0.1:2181. Will not attempt to authenticate using SASL (unknown error) (org.apache.zookeeper.ClientCnxn)
[2021-10-12 18:25:15,052] INFO Socket error occurred: localhost/127.0.0.1:2181: Connection refused (org.apache.zookeeper.ClientCnxn)
[2021-10-12 18:25:16,153] INFO Opening socket connection to server localhost/127.0.0.1:2181. Will not attempt to authenticate using SASL (unknown error) (org.apache.zookeeper.ClientCnxn)
[2021-10-12 18:25:16,154] INFO Socket error occurred: localhost/127.0.0.1:2181: Connection refused (org.apache.zookeeper.ClientCnxn)
[2021-10-12 18:25:16,638] INFO [ZooKeeperClient] Closing. (kafka.zookeeper.ZooKeeperClient)
[2021-10-12 18:25:17,254] INFO Opening socket connection to server localhost/127.0.0.1:2181. Will not attempt to authenticate using SASL (unknown error) (org.apache.zookeeper.ClientCnxn)
[2021-10-12 18:25:17,360] INFO Session: 0x0 closed (org.apache.zookeeper.ZooKeeper)
[2021-10-12 18:25:17,360] INFO EventThread shut down for session: 0x0 (org.apache.zookeeper.ClientCnxn)
[2021-10-12 18:25:17,363] INFO [ZooKeeperClient] Closed. (kafka.zookeeper.ZooKeeperClient)
[2021-10-12 18:25:17,367] ERROR Fatal error during KafkaServer startup. Prepare to shutdown (kafka.server.KafkaServer)
kafka.zookeeper.ZooKeeperClientTimeoutException: Timed out waiting for connection while in state: CONNECTING
	at kafka.zookeeper.ZooKeeperClient$$anonfun$kafka$zookeeper$ZooKeeperClient$$waitUntilConnected$1.apply$mcV$sp(ZooKeeperClient.scala:230)
	at kafka.zookeeper.ZooKeeperClient$$anonfun$kafka$zookeeper$ZooKeeperClient$$waitUntilConnected$1.apply(ZooKeeperClient.scala:226)
	at kafka.zookeeper.ZooKeeperClient$$anonfun$kafka$zookeeper$ZooKeeperClient$$waitUntilConnected$1.apply(ZooKeeperClient.scala:226)
	at kafka.utils.CoreUtils$.inLock(CoreUtils.scala:251)
	at kafka.zookeeper.ZooKeeperClient.kafka$zookeeper$ZooKeeperClient$$waitUntilConnected(ZooKeeperClient.scala:226)
	at kafka.zookeeper.ZooKeeperClient.<init>(ZooKeeperClient.scala:95)
	at kafka.zk.KafkaZkClient$.apply(KafkaZkClient.scala:1580)
	at kafka.server.KafkaServer.kafka$server$KafkaServer$$createZkClient$1(KafkaServer.scala:348)
	at kafka.server.KafkaServer.initZkClient(KafkaServer.scala:372)
	at kafka.server.KafkaServer.startup(KafkaServer.scala:202)
	at kafka.server.KafkaServerStartable.startup(KafkaServerStartable.scala:38)
	at kafka.Kafka$.main(Kafka.scala:75)
	at kafka.Kafka.main(Kafka.scala)
[2021-10-12 18:25:17,371] INFO shutting down (kafka.server.KafkaServer)
[2021-10-12 18:25:17,372] WARN  (kafka.utils.CoreUtils$)
java.lang.NullPointerException
	at kafka.server.KafkaServer$$anonfun$shutdown$5.apply$mcV$sp(KafkaServer.scala:579)
	at kafka.utils.CoreUtils$.swallow(CoreUtils.scala:86)
	at kafka.server.KafkaServer.shutdown(KafkaServer.scala:579)
	at kafka.server.KafkaServer.startup(KafkaServer.scala:329)
	at kafka.server.KafkaServerStartable.startup(KafkaServerStartable.scala:38)
	at kafka.Kafka$.main(Kafka.scala:75)
	at kafka.Kafka.main(Kafka.scala)
[2021-10-12 18:25:17,375] INFO shut down completed (kafka.server.KafkaServer)
[2021-10-12 18:25:17,376] ERROR Exiting Kafka. (kafka.server.KafkaServerStartable)
[2021-10-12 18:25:17,379] INFO shutting down (kafka.server.KafkaServer)
