2021-09-15 19:30:02,731 INFO org.apache.hadoop.hdfs.server.namenode.NameNode: STARTUP_MSG: 
/************************************************************
STARTUP_MSG: Starting NameNode
STARTUP_MSG:   host = ID2221/127.0.1.1
STARTUP_MSG:   args = []
STARTUP_MSG:   version = 2.10.1
STARTUP_MSG:   classpath = /home/emilstahl/hadoop-2.10.1/etc/hadoop:/home/emilstahl/hadoop-2.10.1/share/hadoop/common/lib/commons-codec-1.4.jar:/home/emilstahl/hadoop-2.10.1/share/hadoop/common/lib/jaxb-impl-2.2.3-1.jar:/home/emilstahl/hadoop-2.10.1/share/hadoop/common/lib/woodstox-core-5.0.3.jar:/home/emilstahl/hadoop-2.10.1/share/hadoop/common/lib/jersey-json-1.9.jar:/home/emilstahl/hadoop-2.10.1/share/hadoop/common/lib/curator-client-2.13.0.jar:/home/emilstahl/hadoop-2.10.1/share/hadoop/common/lib/apacheds-kerberos-codec-2.0.0-M15.jar:/home/emilstahl/hadoop-2.10.1/share/hadoop/common/lib/jersey-server-1.9.jar:/home/emilstahl/hadoop-2.10.1/share/hadoop/common/lib/slf4j-log4j12-1.7.25.jar:/home/emilstahl/hadoop-2.10.1/share/hadoop/common/lib/commons-logging-1.1.3.jar:/home/emilstahl/hadoop-2.10.1/share/hadoop/common/lib/netty-3.10.6.Final.jar:/home/emilstahl/hadoop-2.10.1/share/hadoop/common/lib/jsr305-3.0.2.jar:/home/emilstahl/hadoop-2.10.1/share/hadoop/common/lib/xmlenc-0.52.jar:/home/emilstahl/hadoop-2.10.1/share/hadoop/common/lib/hadoop-annotations-2.10.1.jar:/home/emilstahl/hadoop-2.10.1/share/hadoop/common/lib/commons-cli-1.2.jar:/home/emilstahl/hadoop-2.10.1/share/hadoop/common/lib/commons-digester-1.8.jar:/home/emilstahl/hadoop-2.10.1/share/hadoop/common/lib/paranamer-2.3.jar:/home/emilstahl/hadoop-2.10.1/share/hadoop/common/lib/curator-framework-2.13.0.jar:/home/emilstahl/hadoop-2.10.1/share/hadoop/common/lib/junit-4.11.jar:/home/emilstahl/hadoop-2.10.1/share/hadoop/common/lib/jsp-api-2.1.jar:/home/emilstahl/hadoop-2.10.1/share/hadoop/common/lib/hadoop-auth-2.10.1.jar:/home/emilstahl/hadoop-2.10.1/share/hadoop/common/lib/httpclient-4.5.2.jar:/home/emilstahl/hadoop-2.10.1/share/hadoop/common/lib/hamcrest-core-1.3.jar:/home/emilstahl/hadoop-2.10.1/share/hadoop/common/lib/log4j-1.2.17.jar:/home/emilstahl/hadoop-2.10.1/share/hadoop/common/lib/guava-11.0.2.jar:/home/emilstahl/hadoop-2.10.1/share/hadoop/common/lib/commons-compress-1.19.jar:/home/emilstahl/hadoop-2.10.1/share/hadoop/common/lib/jetty-sslengine-6.1.26.jar:/home/emilstahl/hadoop-2.10.1/share/hadoop/common/lib/stax2-api-3.1.4.jar:/home/emilstahl/hadoop-2.10.1/share/hadoop/common/lib/jetty-util-6.1.26.jar:/home/emilstahl/hadoop-2.10.1/share/hadoop/common/lib/commons-lang3-3.4.jar:/home/emilstahl/hadoop-2.10.1/share/hadoop/common/lib/commons-io-2.4.jar:/home/emilstahl/hadoop-2.10.1/share/hadoop/common/lib/snappy-java-1.0.5.jar:/home/emilstahl/hadoop-2.10.1/share/hadoop/common/lib/slf4j-api-1.7.25.jar:/home/emilstahl/hadoop-2.10.1/share/hadoop/common/lib/api-util-1.0.0-M20.jar:/home/emilstahl/hadoop-2.10.1/share/hadoop/common/lib/httpcore-4.4.4.jar:/home/emilstahl/hadoop-2.10.1/share/hadoop/common/lib/jackson-mapper-asl-1.9.13.jar:/home/emilstahl/hadoop-2.10.1/share/hadoop/common/lib/mockito-all-1.8.5.jar:/home/emilstahl/hadoop-2.10.1/share/hadoop/common/lib/jackson-xc-1.9.13.jar:/home/emilstahl/hadoop-2.10.1/share/hadoop/common/lib/jackson-core-asl-1.9.13.jar:/home/emilstahl/hadoop-2.10.1/share/hadoop/common/lib/spotbugs-annotations-3.1.9.jar:/home/emilstahl/hadoop-2.10.1/share/hadoop/common/lib/commons-beanutils-1.9.4.jar:/home/emilstahl/hadoop-2.10.1/share/hadoop/common/lib/jetty-6.1.26.jar:/home/emilstahl/hadoop-2.10.1/share/hadoop/common/lib/commons-net-3.1.jar:/home/emilstahl/hadoop-2.10.1/share/hadoop/common/lib/commons-lang-2.6.jar:/home/emilstahl/hadoop-2.10.1/share/hadoop/common/lib/audience-annotations-0.5.0.jar:/home/emilstahl/hadoop-2.10.1/share/hadoop/common/lib/avro-1.7.7.jar:/home/emilstahl/hadoop-2.10.1/share/hadoop/common/lib/api-asn1-api-1.0.0-M20.jar:/home/emilstahl/hadoop-2.10.1/share/hadoop/common/lib/commons-configuration-1.6.jar:/home/emilstahl/hadoop-2.10.1/share/hadoop/common/lib/commons-math3-3.1.1.jar:/home/emilstahl/hadoop-2.10.1/share/hadoop/common/lib/jcip-annotations-1.0-1.jar:/home/emilstahl/hadoop-2.10.1/share/hadoop/common/lib/java-xmlbuilder-0.4.jar:/home/emilstahl/hadoop-2.10.1/share/hadoop/common/lib/commons-collections-3.2.2.jar:/home/emilstahl/hadoop-2.10.1/share/hadoop/common/lib/curator-recipes-2.13.0.jar:/home/emilstahl/hadoop-2.10.1/share/hadoop/common/lib/asm-3.2.jar:/home/emilstahl/hadoop-2.10.1/share/hadoop/common/lib/jets3t-0.9.0.jar:/home/emilstahl/hadoop-2.10.1/share/hadoop/common/lib/protobuf-java-2.5.0.jar:/home/emilstahl/hadoop-2.10.1/share/hadoop/common/lib/json-smart-1.3.1.jar:/home/emilstahl/hadoop-2.10.1/share/hadoop/common/lib/activation-1.1.jar:/home/emilstahl/hadoop-2.10.1/share/hadoop/common/lib/jaxb-api-2.2.2.jar:/home/emilstahl/hadoop-2.10.1/share/hadoop/common/lib/servlet-api-2.5.jar:/home/emilstahl/hadoop-2.10.1/share/hadoop/common/lib/jsch-0.1.55.jar:/home/emilstahl/hadoop-2.10.1/share/hadoop/common/lib/gson-2.2.4.jar:/home/emilstahl/hadoop-2.10.1/share/hadoop/common/lib/jersey-core-1.9.jar:/home/emilstahl/hadoop-2.10.1/share/hadoop/common/lib/stax-api-1.0-2.jar:/home/emilstahl/hadoop-2.10.1/share/hadoop/common/lib/nimbus-jose-jwt-7.9.jar:/home/emilstahl/hadoop-2.10.1/share/hadoop/common/lib/htrace-core4-4.1.0-incubating.jar:/home/emilstahl/hadoop-2.10.1/share/hadoop/common/lib/jackson-jaxrs-1.9.13.jar:/home/emilstahl/hadoop-2.10.1/share/hadoop/common/lib/jettison-1.1.jar:/home/emilstahl/hadoop-2.10.1/share/hadoop/common/lib/apacheds-i18n-2.0.0-M15.jar:/home/emilstahl/hadoop-2.10.1/share/hadoop/common/lib/zookeeper-3.4.14.jar:/home/emilstahl/hadoop-2.10.1/share/hadoop/common/hadoop-nfs-2.10.1.jar:/home/emilstahl/hadoop-2.10.1/share/hadoop/common/hadoop-common-2.10.1.jar:/home/emilstahl/hadoop-2.10.1/share/hadoop/common/hadoop-common-2.10.1-tests.jar:/home/emilstahl/hadoop-2.10.1/share/hadoop/hdfs:/home/emilstahl/hadoop-2.10.1/share/hadoop/hdfs/lib/okhttp-2.7.5.jar:/home/emilstahl/hadoop-2.10.1/share/hadoop/hdfs/lib/commons-codec-1.4.jar:/home/emilstahl/hadoop-2.10.1/share/hadoop/hdfs/lib/jackson-core-2.9.10.jar:/home/emilstahl/hadoop-2.10.1/share/hadoop/hdfs/lib/jersey-server-1.9.jar:/home/emilstahl/hadoop-2.10.1/share/hadoop/hdfs/lib/commons-logging-1.1.3.jar:/home/emilstahl/hadoop-2.10.1/share/hadoop/hdfs/lib/netty-3.10.6.Final.jar:/home/emilstahl/hadoop-2.10.1/share/hadoop/hdfs/lib/jsr305-3.0.2.jar:/home/emilstahl/hadoop-2.10.1/share/hadoop/hdfs/lib/xmlenc-0.52.jar:/home/emilstahl/hadoop-2.10.1/share/hadoop/hdfs/lib/commons-cli-1.2.jar:/home/emilstahl/hadoop-2.10.1/share/hadoop/hdfs/lib/jackson-annotations-2.9.10.jar:/home/emilstahl/hadoop-2.10.1/share/hadoop/hdfs/lib/log4j-1.2.17.jar:/home/emilstahl/hadoop-2.10.1/share/hadoop/hdfs/lib/guava-11.0.2.jar:/home/emilstahl/hadoop-2.10.1/share/hadoop/hdfs/lib/jetty-util-6.1.26.jar:/home/emilstahl/hadoop-2.10.1/share/hadoop/hdfs/lib/commons-io-2.4.jar:/home/emilstahl/hadoop-2.10.1/share/hadoop/hdfs/lib/jackson-databind-2.9.10.6.jar:/home/emilstahl/hadoop-2.10.1/share/hadoop/hdfs/lib/jackson-mapper-asl-1.9.13.jar:/home/emilstahl/hadoop-2.10.1/share/hadoop/hdfs/lib/jackson-core-asl-1.9.13.jar:/home/emilstahl/hadoop-2.10.1/share/hadoop/hdfs/lib/jetty-6.1.26.jar:/home/emilstahl/hadoop-2.10.1/share/hadoop/hdfs/lib/commons-lang-2.6.jar:/home/emilstahl/hadoop-2.10.1/share/hadoop/hdfs/lib/okio-1.6.0.jar:/home/emilstahl/hadoop-2.10.1/share/hadoop/hdfs/lib/xml-apis-1.4.01.jar:/home/emilstahl/hadoop-2.10.1/share/hadoop/hdfs/lib/hadoop-hdfs-client-2.10.1.jar:/home/emilstahl/hadoop-2.10.1/share/hadoop/hdfs/lib/xercesImpl-2.12.0.jar:/home/emilstahl/hadoop-2.10.1/share/hadoop/hdfs/lib/commons-daemon-1.0.13.jar:/home/emilstahl/hadoop-2.10.1/share/hadoop/hdfs/lib/asm-3.2.jar:/home/emilstahl/hadoop-2.10.1/share/hadoop/hdfs/lib/protobuf-java-2.5.0.jar:/home/emilstahl/hadoop-2.10.1/share/hadoop/hdfs/lib/servlet-api-2.5.jar:/home/emilstahl/hadoop-2.10.1/share/hadoop/hdfs/lib/jersey-core-1.9.jar:/home/emilstahl/hadoop-2.10.1/share/hadoop/hdfs/lib/leveldbjni-all-1.8.jar:/home/emilstahl/hadoop-2.10.1/share/hadoop/hdfs/lib/netty-all-4.1.50.Final.jar:/home/emilstahl/hadoop-2.10.1/share/hadoop/hdfs/lib/htrace-core4-4.1.0-incubating.jar:/home/emilstahl/hadoop-2.10.1/share/hadoop/hdfs/hadoop-hdfs-2.10.1.jar:/home/emilstahl/hadoop-2.10.1/share/hadoop/hdfs/hadoop-hdfs-rbf-2.10.1.jar:/home/emilstahl/hadoop-2.10.1/share/hadoop/hdfs/hadoop-hdfs-native-client-2.10.1.jar:/home/emilstahl/hadoop-2.10.1/share/hadoop/hdfs/hadoop-hdfs-client-2.10.1-tests.jar:/home/emilstahl/hadoop-2.10.1/share/hadoop/hdfs/hadoop-hdfs-native-client-2.10.1-tests.jar:/home/emilstahl/hadoop-2.10.1/share/hadoop/hdfs/hadoop-hdfs-client-2.10.1.jar:/home/emilstahl/hadoop-2.10.1/share/hadoop/hdfs/hadoop-hdfs-nfs-2.10.1.jar:/home/emilstahl/hadoop-2.10.1/share/hadoop/hdfs/hadoop-hdfs-2.10.1-tests.jar:/home/emilstahl/hadoop-2.10.1/share/hadoop/hdfs/hadoop-hdfs-rbf-2.10.1-tests.jar:/home/emilstahl/hadoop-2.10.1/share/hadoop/yarn:/home/emilstahl/hadoop-2.10.1/share/hadoop/yarn/lib/commons-codec-1.4.jar:/home/emilstahl/hadoop-2.10.1/share/hadoop/yarn/lib/jaxb-impl-2.2.3-1.jar:/home/emilstahl/hadoop-2.10.1/share/hadoop/yarn/lib/woodstox-core-5.0.3.jar:/home/emilstahl/hadoop-2.10.1/share/hadoop/yarn/lib/jersey-json-1.9.jar:/home/emilstahl/hadoop-2.10.1/share/hadoop/yarn/lib/aopalliance-1.0.jar:/home/emilstahl/hadoop-2.10.1/share/hadoop/yarn/lib/curator-client-2.13.0.jar:/home/emilstahl/hadoop-2.10.1/share/hadoop/yarn/lib/apacheds-kerberos-codec-2.0.0-M15.jar:/home/emilstahl/hadoop-2.10.1/share/hadoop/yarn/lib/jersey-server-1.9.jar:/home/emilstahl/hadoop-2.10.1/share/hadoop/yarn/lib/commons-logging-1.1.3.jar:/home/emilstahl/hadoop-2.10.1/share/hadoop/yarn/lib/netty-3.10.6.Final.jar:/home/emilstahl/hadoop-2.10.1/share/hadoop/yarn/lib/jsr305-3.0.2.jar:/home/emilstahl/hadoop-2.10.1/share/hadoop/yarn/lib/xmlenc-0.52.jar:/home/emilstahl/hadoop-2.10.1/share/hadoop/yarn/lib/commons-cli-1.2.jar:/home/emilstahl/hadoop-2.10.1/share/hadoop/yarn/lib/commons-digester-1.8.jar:/home/emilstahl/hadoop-2.10.1/share/hadoop/yarn/lib/paranamer-2.3.jar:/home/emilstahl/hadoop-2.10.1/share/hadoop/yarn/lib/curator-framework-2.13.0.jar:/home/emilstahl/hadoop-2.10.1/share/hadoop/yarn/lib/jsp-api-2.1.jar:/home/emilstahl/hadoop-2.10.1/share/hadoop/yarn/lib/metrics-core-3.0.1.jar:/home/emilstahl/hadoop-2.10.1/share/hadoop/yarn/lib/httpclient-4.5.2.jar:/home/emilstahl/hadoop-2.10.1/share/hadoop/yarn/lib/log4j-1.2.17.jar:/home/emilstahl/hadoop-2.10.1/share/hadoop/yarn/lib/guava-11.0.2.jar:/home/emilstahl/hadoop-2.10.1/share/hadoop/yarn/lib/commons-compress-1.19.jar:/home/emilstahl/hadoop-2.10.1/share/hadoop/yarn/lib/jetty-sslengine-6.1.26.jar:/home/emilstahl/hadoop-2.10.1/share/hadoop/yarn/lib/stax2-api-3.1.4.jar:/home/emilstahl/hadoop-2.10.1/share/hadoop/yarn/lib/jetty-util-6.1.26.jar:/home/emilstahl/hadoop-2.10.1/share/hadoop/yarn/lib/commons-lang3-3.4.jar:/home/emilstahl/hadoop-2.10.1/share/hadoop/yarn/lib/guice-servlet-3.0.jar:/home/emilstahl/hadoop-2.10.1/share/hadoop/yarn/lib/javax.inject-1.jar:/home/emilstahl/hadoop-2.10.1/share/hadoop/yarn/lib/commons-io-2.4.jar:/home/emilstahl/hadoop-2.10.1/share/hadoop/yarn/lib/snappy-java-1.0.5.jar:/home/emilstahl/hadoop-2.10.1/share/hadoop/yarn/lib/api-util-1.0.0-M20.jar:/home/emilstahl/hadoop-2.10.1/share/hadoop/yarn/lib/httpcore-4.4.4.jar:/home/emilstahl/hadoop-2.10.1/share/hadoop/yarn/lib/jackson-mapper-asl-1.9.13.jar:/home/emilstahl/hadoop-2.10.1/share/hadoop/yarn/lib/json-io-2.5.1.jar:/home/emilstahl/hadoop-2.10.1/share/hadoop/yarn/lib/jackson-xc-1.9.13.jar:/home/emilstahl/hadoop-2.10.1/share/hadoop/yarn/lib/jackson-core-asl-1.9.13.jar:/home/emilstahl/hadoop-2.10.1/share/hadoop/yarn/lib/spotbugs-annotations-3.1.9.jar:/home/emilstahl/hadoop-2.10.1/share/hadoop/yarn/lib/commons-beanutils-1.9.4.jar:/home/emilstahl/hadoop-2.10.1/share/hadoop/yarn/lib/jetty-6.1.26.jar:/home/emilstahl/hadoop-2.10.1/share/hadoop/yarn/lib/commons-net-3.1.jar:/home/emilstahl/hadoop-2.10.1/share/hadoop/yarn/lib/guice-3.0.jar:/home/emilstahl/hadoop-2.10.1/share/hadoop/yarn/lib/commons-lang-2.6.jar:/home/emilstahl/hadoop-2.10.1/share/hadoop/yarn/lib/audience-annotations-0.5.0.jar:/home/emilstahl/hadoop-2.10.1/share/hadoop/yarn/lib/java-util-1.9.0.jar:/home/emilstahl/hadoop-2.10.1/share/hadoop/yarn/lib/avro-1.7.7.jar:/home/emilstahl/hadoop-2.10.1/share/hadoop/yarn/lib/HikariCP-java7-2.4.12.jar:/home/emilstahl/hadoop-2.10.1/share/hadoop/yarn/lib/geronimo-jcache_1.0_spec-1.0-alpha-1.jar:/home/emilstahl/hadoop-2.10.1/share/hadoop/yarn/lib/api-asn1-api-1.0.0-M20.jar:/home/emilstahl/hadoop-2.10.1/share/hadoop/yarn/lib/jersey-guice-1.9.jar:/home/emilstahl/hadoop-2.10.1/share/hadoop/yarn/lib/commons-configuration-1.6.jar:/home/emilstahl/hadoop-2.10.1/share/hadoop/yarn/lib/commons-math3-3.1.1.jar:/home/emilstahl/hadoop-2.10.1/share/hadoop/yarn/lib/jcip-annotations-1.0-1.jar:/home/emilstahl/hadoop-2.10.1/share/hadoop/yarn/lib/java-xmlbuilder-0.4.jar:/home/emilstahl/hadoop-2.10.1/share/hadoop/yarn/lib/commons-collections-3.2.2.jar:/home/emilstahl/hadoop-2.10.1/share/hadoop/yarn/lib/curator-recipes-2.13.0.jar:/home/emilstahl/hadoop-2.10.1/share/hadoop/yarn/lib/asm-3.2.jar:/home/emilstahl/hadoop-2.10.1/share/hadoop/yarn/lib/jersey-client-1.9.jar:/home/emilstahl/hadoop-2.10.1/share/hadoop/yarn/lib/jets3t-0.9.0.jar:/home/emilstahl/hadoop-2.10.1/share/hadoop/yarn/lib/protobuf-java-2.5.0.jar:/home/emilstahl/hadoop-2.10.1/share/hadoop/yarn/lib/json-smart-1.3.1.jar:/home/emilstahl/hadoop-2.10.1/share/hadoop/yarn/lib/activation-1.1.jar:/home/emilstahl/hadoop-2.10.1/share/hadoop/yarn/lib/jaxb-api-2.2.2.jar:/home/emilstahl/hadoop-2.10.1/share/hadoop/yarn/lib/servlet-api-2.5.jar:/home/emilstahl/hadoop-2.10.1/share/hadoop/yarn/lib/ehcache-3.3.1.jar:/home/emilstahl/hadoop-2.10.1/share/hadoop/yarn/lib/jsch-0.1.55.jar:/home/emilstahl/hadoop-2.10.1/share/hadoop/yarn/lib/gson-2.2.4.jar:/home/emilstahl/hadoop-2.10.1/share/hadoop/yarn/lib/fst-2.50.jar:/home/emilstahl/hadoop-2.10.1/share/hadoop/yarn/lib/jersey-core-1.9.jar:/home/emilstahl/hadoop-2.10.1/share/hadoop/yarn/lib/mssql-jdbc-6.2.1.jre7.jar:/home/emilstahl/hadoop-2.10.1/share/hadoop/yarn/lib/leveldbjni-all-1.8.jar:/home/emilstahl/hadoop-2.10.1/share/hadoop/yarn/lib/stax-api-1.0-2.jar:/home/emilstahl/hadoop-2.10.1/share/hadoop/yarn/lib/nimbus-jose-jwt-7.9.jar:/home/emilstahl/hadoop-2.10.1/share/hadoop/yarn/lib/htrace-core4-4.1.0-incubating.jar:/home/emilstahl/hadoop-2.10.1/share/hadoop/yarn/lib/jackson-jaxrs-1.9.13.jar:/home/emilstahl/hadoop-2.10.1/share/hadoop/yarn/lib/jettison-1.1.jar:/home/emilstahl/hadoop-2.10.1/share/hadoop/yarn/lib/apacheds-i18n-2.0.0-M15.jar:/home/emilstahl/hadoop-2.10.1/share/hadoop/yarn/lib/zookeeper-3.4.14.jar:/home/emilstahl/hadoop-2.10.1/share/hadoop/yarn/hadoop-yarn-server-common-2.10.1.jar:/home/emilstahl/hadoop-2.10.1/share/hadoop/yarn/hadoop-yarn-server-sharedcachemanager-2.10.1.jar:/home/emilstahl/hadoop-2.10.1/share/hadoop/yarn/hadoop-yarn-server-router-2.10.1.jar:/home/emilstahl/hadoop-2.10.1/share/hadoop/yarn/hadoop-yarn-server-nodemanager-2.10.1.jar:/home/emilstahl/hadoop-2.10.1/share/hadoop/yarn/hadoop-yarn-common-2.10.1.jar:/home/emilstahl/hadoop-2.10.1/share/hadoop/yarn/hadoop-yarn-client-2.10.1.jar:/home/emilstahl/hadoop-2.10.1/share/hadoop/yarn/hadoop-yarn-server-web-proxy-2.10.1.jar:/home/emilstahl/hadoop-2.10.1/share/hadoop/yarn/hadoop-yarn-server-tests-2.10.1.jar:/home/emilstahl/hadoop-2.10.1/share/hadoop/yarn/hadoop-yarn-server-timeline-pluginstorage-2.10.1.jar:/home/emilstahl/hadoop-2.10.1/share/hadoop/yarn/hadoop-yarn-applications-unmanaged-am-launcher-2.10.1.jar:/home/emilstahl/hadoop-2.10.1/share/hadoop/yarn/hadoop-yarn-server-resourcemanager-2.10.1.jar:/home/emilstahl/hadoop-2.10.1/share/hadoop/yarn/hadoop-yarn-registry-2.10.1.jar:/home/emilstahl/hadoop-2.10.1/share/hadoop/yarn/hadoop-yarn-api-2.10.1.jar:/home/emilstahl/hadoop-2.10.1/share/hadoop/yarn/hadoop-yarn-server-applicationhistoryservice-2.10.1.jar:/home/emilstahl/hadoop-2.10.1/share/hadoop/yarn/hadoop-yarn-applications-distributedshell-2.10.1.jar:/home/emilstahl/hadoop-2.10.1/share/hadoop/mapreduce/lib/aopalliance-1.0.jar:/home/emilstahl/hadoop-2.10.1/share/hadoop/mapreduce/lib/jersey-server-1.9.jar:/home/emilstahl/hadoop-2.10.1/share/hadoop/mapreduce/lib/netty-3.10.6.Final.jar:/home/emilstahl/hadoop-2.10.1/share/hadoop/mapreduce/lib/hadoop-annotations-2.10.1.jar:/home/emilstahl/hadoop-2.10.1/share/hadoop/mapreduce/lib/paranamer-2.3.jar:/home/emilstahl/hadoop-2.10.1/share/hadoop/mapreduce/lib/junit-4.11.jar:/home/emilstahl/hadoop-2.10.1/share/hadoop/mapreduce/lib/hamcrest-core-1.3.jar:/home/emilstahl/hadoop-2.10.1/share/hadoop/mapreduce/lib/log4j-1.2.17.jar:/home/emilstahl/hadoop-2.10.1/share/hadoop/mapreduce/lib/commons-compress-1.19.jar:/home/emilstahl/hadoop-2.10.1/share/hadoop/mapreduce/lib/guice-servlet-3.0.jar:/home/emilstahl/hadoop-2.10.1/share/hadoop/mapreduce/lib/javax.inject-1.jar:/home/emilstahl/hadoop-2.10.1/share/hadoop/mapreduce/lib/commons-io-2.4.jar:/home/emilstahl/hadoop-2.10.1/share/hadoop/mapreduce/lib/snappy-java-1.0.5.jar:/home/emilstahl/hadoop-2.10.1/share/hadoop/mapreduce/lib/jackson-mapper-asl-1.9.13.jar:/home/emilstahl/hadoop-2.10.1/share/hadoop/mapreduce/lib/jackson-core-asl-1.9.13.jar:/home/emilstahl/hadoop-2.10.1/share/hadoop/mapreduce/lib/guice-3.0.jar:/home/emilstahl/hadoop-2.10.1/share/hadoop/mapreduce/lib/avro-1.7.7.jar:/home/emilstahl/hadoop-2.10.1/share/hadoop/mapreduce/lib/jersey-guice-1.9.jar:/home/emilstahl/hadoop-2.10.1/share/hadoop/mapreduce/lib/asm-3.2.jar:/home/emilstahl/hadoop-2.10.1/share/hadoop/mapreduce/lib/protobuf-java-2.5.0.jar:/home/emilstahl/hadoop-2.10.1/share/hadoop/mapreduce/lib/jersey-core-1.9.jar:/home/emilstahl/hadoop-2.10.1/share/hadoop/mapreduce/lib/leveldbjni-all-1.8.jar:/home/emilstahl/hadoop-2.10.1/share/hadoop/mapreduce/hadoop-mapreduce-client-hs-2.10.1.jar:/home/emilstahl/hadoop-2.10.1/share/hadoop/mapreduce/hadoop-mapreduce-client-shuffle-2.10.1.jar:/home/emilstahl/hadoop-2.10.1/share/hadoop/mapreduce/hadoop-mapreduce-examples-2.10.1.jar:/home/emilstahl/hadoop-2.10.1/share/hadoop/mapreduce/hadoop-mapreduce-client-jobclient-2.10.1.jar:/home/emilstahl/hadoop-2.10.1/share/hadoop/mapreduce/hadoop-mapreduce-client-jobclient-2.10.1-tests.jar:/home/emilstahl/hadoop-2.10.1/share/hadoop/mapreduce/hadoop-mapreduce-client-app-2.10.1.jar:/home/emilstahl/hadoop-2.10.1/share/hadoop/mapreduce/hadoop-mapreduce-client-common-2.10.1.jar:/home/emilstahl/hadoop-2.10.1/share/hadoop/mapreduce/hadoop-mapreduce-client-core-2.10.1.jar:/home/emilstahl/hadoop-2.10.1/share/hadoop/mapreduce/hadoop-mapreduce-client-hs-plugins-2.10.1.jar:/contrib/capacity-scheduler/*.jar:/contrib/capacity-scheduler/*.jar:/contrib/capacity-scheduler/*.jar
STARTUP_MSG:   build = https://github.com/apache/hadoop -r 1827467c9a56f133025f28557bfc2c562d78e816; compiled by 'centos' on 2020-09-14T13:17Z
STARTUP_MSG:   java = 1.8.0_292
************************************************************/
2021-09-15 19:30:02,739 INFO org.apache.hadoop.hdfs.server.namenode.NameNode: registered UNIX signal handlers for [TERM, HUP, INT]
2021-09-15 19:30:02,814 INFO org.apache.hadoop.hdfs.server.namenode.NameNode: createNameNode []
2021-09-15 19:30:02,910 INFO org.apache.hadoop.metrics2.impl.MetricsConfig: loaded properties from hadoop-metrics2.properties
2021-09-15 19:30:03,063 INFO org.apache.hadoop.metrics2.impl.MetricsSystemImpl: Scheduled Metric snapshot period at 10 second(s).
2021-09-15 19:30:03,063 INFO org.apache.hadoop.metrics2.impl.MetricsSystemImpl: NameNode metrics system started
2021-09-15 19:30:03,088 INFO org.apache.hadoop.hdfs.server.namenode.NameNode: fs.defaultFS is hdfs://127.0.0.1:9000
2021-09-15 19:30:03,090 INFO org.apache.hadoop.hdfs.server.namenode.NameNode: Clients are to use 127.0.0.1:9000 to access this namenode/service.
2021-09-15 19:30:03,238 INFO org.apache.hadoop.util.JvmPauseMonitor: Starting JVM pause monitor
2021-09-15 19:30:03,255 INFO org.apache.hadoop.hdfs.DFSUtil: Starting Web-server for hdfs at: http://0.0.0.0:50070
2021-09-15 19:30:03,313 INFO org.mortbay.log: Logging to org.slf4j.impl.Log4jLoggerAdapter(org.mortbay.log) via org.mortbay.log.Slf4jLog
2021-09-15 19:30:03,320 INFO org.apache.hadoop.security.authentication.server.AuthenticationFilter: Unable to initialize FileSignerSecretProvider, falling back to use random secrets.
2021-09-15 19:30:03,335 INFO org.apache.hadoop.http.HttpRequestLog: Http request log for http.requests.namenode is not defined
2021-09-15 19:30:03,339 INFO org.apache.hadoop.http.HttpServer2: Added global filter 'safety' (class=org.apache.hadoop.http.HttpServer2$QuotingInputFilter)
2021-09-15 19:30:03,341 INFO org.apache.hadoop.http.HttpServer2: Added filter static_user_filter (class=org.apache.hadoop.http.lib.StaticUserWebFilter$StaticUserFilter) to context hdfs
2021-09-15 19:30:03,341 INFO org.apache.hadoop.http.HttpServer2: Added filter static_user_filter (class=org.apache.hadoop.http.lib.StaticUserWebFilter$StaticUserFilter) to context logs
2021-09-15 19:30:03,341 INFO org.apache.hadoop.http.HttpServer2: Added filter static_user_filter (class=org.apache.hadoop.http.lib.StaticUserWebFilter$StaticUserFilter) to context static
2021-09-15 19:30:03,477 INFO org.apache.hadoop.http.HttpServer2: Added filter 'org.apache.hadoop.hdfs.web.AuthFilter' (class=org.apache.hadoop.hdfs.web.AuthFilter)
2021-09-15 19:30:03,477 INFO org.apache.hadoop.http.HttpServer2: addJerseyResourcePackage: packageName=org.apache.hadoop.hdfs.server.namenode.web.resources;org.apache.hadoop.hdfs.web.resources, pathSpec=/webhdfs/v1/*
2021-09-15 19:30:03,493 INFO org.apache.hadoop.http.HttpServer2: Jetty bound to port 50070
2021-09-15 19:30:03,493 INFO org.mortbay.log: jetty-6.1.26
2021-09-15 19:30:03,655 INFO org.mortbay.log: Started HttpServer2$SelectChannelConnectorWithSafeStartup@0.0.0.0:50070
2021-09-15 19:30:03,882 WARN org.apache.hadoop.hdfs.server.namenode.FSNamesystem: Only one image storage directory (dfs.namenode.name.dir) configured. Beware of data loss due to lack of redundant storage directories!
2021-09-15 19:30:03,883 WARN org.apache.hadoop.hdfs.server.namenode.FSNamesystem: Only one namespace edits storage directory (dfs.namenode.edits.dir) configured. Beware of data loss due to lack of redundant storage directories!
2021-09-15 19:30:03,947 INFO org.apache.hadoop.hdfs.server.namenode.FSEditLog: Edit logging is async:true
2021-09-15 19:30:03,966 INFO org.apache.hadoop.hdfs.server.namenode.FSNamesystem: KeyProvider: null
2021-09-15 19:30:03,967 INFO org.apache.hadoop.hdfs.server.namenode.FSNamesystem: fsLock is fair: true
2021-09-15 19:30:03,967 INFO org.apache.hadoop.hdfs.server.namenode.FSNamesystem: Detailed lock hold time metrics enabled: false
2021-09-15 19:30:03,973 INFO org.apache.hadoop.hdfs.server.namenode.FSNamesystem: fsOwner             = root (auth:SIMPLE)
2021-09-15 19:30:03,973 INFO org.apache.hadoop.hdfs.server.namenode.FSNamesystem: supergroup          = supergroup
2021-09-15 19:30:03,973 INFO org.apache.hadoop.hdfs.server.namenode.FSNamesystem: isPermissionEnabled = true
2021-09-15 19:30:03,973 INFO org.apache.hadoop.hdfs.server.namenode.FSNamesystem: HA Enabled: false
2021-09-15 19:30:03,997 INFO org.apache.hadoop.hdfs.server.common.Util: dfs.datanode.fileio.profiling.sampling.percentage set to 0. Disabling file IO profiling
2021-09-15 19:30:04,026 INFO org.apache.hadoop.hdfs.server.blockmanagement.DatanodeManager: dfs.block.invalidate.limit: configured=1000, counted=60, effected=1000
2021-09-15 19:30:04,026 INFO org.apache.hadoop.hdfs.server.blockmanagement.DatanodeManager: dfs.namenode.datanode.registration.ip-hostname-check=true
2021-09-15 19:30:04,029 INFO org.apache.hadoop.hdfs.server.blockmanagement.BlockManager: dfs.namenode.startup.delay.block.deletion.sec is set to 000:00:00:00.000
2021-09-15 19:30:04,029 INFO org.apache.hadoop.hdfs.server.blockmanagement.BlockManager: The block deletion will start around 2021 Sep 15 19:30:04
2021-09-15 19:30:04,030 INFO org.apache.hadoop.util.GSet: Computing capacity for map BlocksMap
2021-09-15 19:30:04,030 INFO org.apache.hadoop.util.GSet: VM type       = 64-bit
2021-09-15 19:30:04,032 INFO org.apache.hadoop.util.GSet: 2.0% max memory 889 MB = 17.8 MB
2021-09-15 19:30:04,032 INFO org.apache.hadoop.util.GSet: capacity      = 2^21 = 2097152 entries
2021-09-15 19:30:04,037 INFO org.apache.hadoop.hdfs.server.blockmanagement.BlockManager: dfs.block.access.token.enable=false
2021-09-15 19:30:04,038 WARN org.apache.hadoop.conf.Configuration: No unit for dfs.heartbeat.interval(3) assuming SECONDS
2021-09-15 19:30:04,041 WARN org.apache.hadoop.conf.Configuration: No unit for dfs.namenode.safemode.extension(30000) assuming MILLISECONDS
2021-09-15 19:30:04,041 INFO org.apache.hadoop.hdfs.server.blockmanagement.BlockManagerSafeMode: dfs.namenode.safemode.threshold-pct = 0.9990000128746033
2021-09-15 19:30:04,041 INFO org.apache.hadoop.hdfs.server.blockmanagement.BlockManagerSafeMode: dfs.namenode.safemode.min.datanodes = 0
2021-09-15 19:30:04,041 INFO org.apache.hadoop.hdfs.server.blockmanagement.BlockManagerSafeMode: dfs.namenode.safemode.extension = 30000
2021-09-15 19:30:04,041 INFO org.apache.hadoop.hdfs.server.blockmanagement.BlockManager: defaultReplication         = 1
2021-09-15 19:30:04,042 INFO org.apache.hadoop.hdfs.server.blockmanagement.BlockManager: maxReplication             = 512
2021-09-15 19:30:04,042 INFO org.apache.hadoop.hdfs.server.blockmanagement.BlockManager: minReplication             = 1
2021-09-15 19:30:04,042 INFO org.apache.hadoop.hdfs.server.blockmanagement.BlockManager: maxReplicationStreams      = 2
2021-09-15 19:30:04,042 INFO org.apache.hadoop.hdfs.server.blockmanagement.BlockManager: replicationRecheckInterval = 3000
2021-09-15 19:30:04,042 INFO org.apache.hadoop.hdfs.server.blockmanagement.BlockManager: encryptDataTransfer        = false
2021-09-15 19:30:04,042 INFO org.apache.hadoop.hdfs.server.blockmanagement.BlockManager: maxNumBlocksToLog          = 1000
2021-09-15 19:30:04,045 INFO org.apache.hadoop.hdfs.server.namenode.FSNamesystem: Append Enabled: true
2021-09-15 19:30:04,062 INFO org.apache.hadoop.hdfs.server.namenode.FSDirectory: GLOBAL serial map: bits=24 maxEntries=16777215
2021-09-15 19:30:04,079 INFO org.apache.hadoop.util.GSet: Computing capacity for map INodeMap
2021-09-15 19:30:04,079 INFO org.apache.hadoop.util.GSet: VM type       = 64-bit
2021-09-15 19:30:04,079 INFO org.apache.hadoop.util.GSet: 1.0% max memory 889 MB = 8.9 MB
2021-09-15 19:30:04,079 INFO org.apache.hadoop.util.GSet: capacity      = 2^20 = 1048576 entries
2021-09-15 19:30:04,079 INFO org.apache.hadoop.hdfs.server.namenode.FSDirectory: ACLs enabled? false
2021-09-15 19:30:04,079 INFO org.apache.hadoop.hdfs.server.namenode.FSDirectory: XAttrs enabled? true
2021-09-15 19:30:04,079 INFO org.apache.hadoop.hdfs.server.namenode.NameNode: Caching file names occurring more than 10 times
2021-09-15 19:30:04,082 INFO org.apache.hadoop.hdfs.server.namenode.snapshot.SnapshotManager: Loaded config captureOpenFiles: falseskipCaptureAccessTimeOnlyChange: false
2021-09-15 19:30:04,087 INFO org.apache.hadoop.util.GSet: Computing capacity for map cachedBlocks
2021-09-15 19:30:04,087 INFO org.apache.hadoop.util.GSet: VM type       = 64-bit
2021-09-15 19:30:04,087 INFO org.apache.hadoop.util.GSet: 0.25% max memory 889 MB = 2.2 MB
2021-09-15 19:30:04,087 INFO org.apache.hadoop.util.GSet: capacity      = 2^18 = 262144 entries
2021-09-15 19:30:04,090 INFO org.apache.hadoop.hdfs.server.namenode.top.metrics.TopMetrics: NNTop conf: dfs.namenode.top.window.num.buckets = 10
2021-09-15 19:30:04,090 INFO org.apache.hadoop.hdfs.server.namenode.top.metrics.TopMetrics: NNTop conf: dfs.namenode.top.num.users = 10
2021-09-15 19:30:04,090 INFO org.apache.hadoop.hdfs.server.namenode.top.metrics.TopMetrics: NNTop conf: dfs.namenode.top.windows.minutes = 1,5,25
2021-09-15 19:30:04,094 INFO org.apache.hadoop.hdfs.server.namenode.FSNamesystem: Retry cache on namenode is enabled
2021-09-15 19:30:04,094 INFO org.apache.hadoop.hdfs.server.namenode.FSNamesystem: Retry cache will use 0.03 of total heap and retry cache entry expiry time is 600000 millis
2021-09-15 19:30:04,096 INFO org.apache.hadoop.util.GSet: Computing capacity for map NameNodeRetryCache
2021-09-15 19:30:04,096 INFO org.apache.hadoop.util.GSet: VM type       = 64-bit
2021-09-15 19:30:04,097 INFO org.apache.hadoop.util.GSet: 0.029999999329447746% max memory 889 MB = 273.1 KB
2021-09-15 19:30:04,097 INFO org.apache.hadoop.util.GSet: capacity      = 2^15 = 32768 entries
2021-09-15 19:30:04,118 INFO org.apache.hadoop.hdfs.server.common.Storage: Lock on /home/emilstahl/hadoop-2.10.1/hdfs/namenode/in_use.lock acquired by nodename 3192@ID2221
2021-09-15 19:30:04,136 INFO org.apache.hadoop.hdfs.server.namenode.FileJournalManager: Recovering unfinalized segments in /home/emilstahl/hadoop-2.10.1/hdfs/namenode/current
2021-09-15 19:30:04,158 INFO org.apache.hadoop.hdfs.server.namenode.FileJournalManager: Finalizing edits file /home/emilstahl/hadoop-2.10.1/hdfs/namenode/current/edits_inprogress_0000000000000000001 -> /home/emilstahl/hadoop-2.10.1/hdfs/namenode/current/edits_0000000000000000001-0000000000000000136
2021-09-15 19:30:04,174 INFO org.apache.hadoop.hdfs.server.namenode.FSImage: Planning to load image: FSImageFile(file=/home/emilstahl/hadoop-2.10.1/hdfs/namenode/current/fsimage_0000000000000000000, cpktTxId=0000000000000000000)
2021-09-15 19:30:04,207 INFO org.apache.hadoop.hdfs.server.namenode.FSImageFormatPBINode: Loading 1 INodes.
2021-09-15 19:30:04,221 INFO org.apache.hadoop.hdfs.server.namenode.FSImageFormatPBINode: Successfully loaded 1 inodes
2021-09-15 19:30:04,230 INFO org.apache.hadoop.hdfs.server.namenode.FSImageFormatProtobuf: Loaded FSImage in 0 seconds.
2021-09-15 19:30:04,231 INFO org.apache.hadoop.hdfs.server.namenode.FSImage: Loaded image for txid 0 from /home/emilstahl/hadoop-2.10.1/hdfs/namenode/current/fsimage_0000000000000000000
2021-09-15 19:30:04,233 INFO org.apache.hadoop.hdfs.server.namenode.FSImage: Reading org.apache.hadoop.hdfs.server.namenode.RedundantEditLogInputStream@269f4bad expecting start txid #1
2021-09-15 19:30:04,233 INFO org.apache.hadoop.hdfs.server.namenode.FSImage: Start loading edits file /home/emilstahl/hadoop-2.10.1/hdfs/namenode/current/edits_0000000000000000001-0000000000000000136
2021-09-15 19:30:04,234 INFO org.apache.hadoop.hdfs.server.namenode.RedundantEditLogInputStream: Fast-forwarding stream '/home/emilstahl/hadoop-2.10.1/hdfs/namenode/current/edits_0000000000000000001-0000000000000000136' to transaction ID 1
2021-09-15 19:30:04,347 INFO org.apache.hadoop.hdfs.server.namenode.FSImage: Loaded 1 edits file(s) (the last named /home/emilstahl/hadoop-2.10.1/hdfs/namenode/current/edits_0000000000000000001-0000000000000000136) of total size 1048576.0, total edits 136.0, total load time 98.0 ms
2021-09-15 19:30:04,348 INFO org.apache.hadoop.hdfs.server.namenode.FSNamesystem: Need to save fs image? true (staleImage=true, haEnabled=false, isRollingUpgrade=false)
2021-09-15 19:30:04,348 INFO org.apache.hadoop.hdfs.server.namenode.FSImage: Save namespace ...
2021-09-15 19:30:04,360 INFO org.apache.hadoop.hdfs.server.namenode.FSImageFormatProtobuf: Saving image file /home/emilstahl/hadoop-2.10.1/hdfs/namenode/current/fsimage.ckpt_0000000000000000136 using no compression
2021-09-15 19:30:04,393 INFO org.apache.hadoop.hdfs.server.namenode.FSImageFormatProtobuf: Image file /home/emilstahl/hadoop-2.10.1/hdfs/namenode/current/fsimage.ckpt_0000000000000000136 of size 3990 bytes saved in 0 seconds .
2021-09-15 19:30:04,412 INFO org.apache.hadoop.hdfs.server.namenode.NNStorageRetentionManager: Going to retain 2 images with txid >= 0
2021-09-15 19:30:04,422 INFO org.apache.hadoop.hdfs.server.namenode.FSEditLog: Starting log segment at 137
2021-09-15 19:30:04,512 INFO org.apache.hadoop.hdfs.server.namenode.NameCache: initialized with 0 entries 0 lookups
2021-09-15 19:30:04,512 INFO org.apache.hadoop.hdfs.server.namenode.FSNamesystem: Finished loading FSImage in 413 msecs
2021-09-15 19:30:04,667 INFO org.apache.hadoop.hdfs.server.namenode.NameNode: RPC server is binding to localhost:9000
2021-09-15 19:30:04,667 INFO org.apache.hadoop.hdfs.server.namenode.NameNode: Enable NameNode state context:false
2021-09-15 19:30:04,673 INFO org.apache.hadoop.ipc.CallQueueManager: Using callQueue: class java.util.concurrent.LinkedBlockingQueue queueCapacity: 1000 scheduler: class org.apache.hadoop.ipc.DefaultRpcScheduler
2021-09-15 19:30:04,682 INFO org.apache.hadoop.ipc.Server: Starting Socket Reader #1 for port 9000
2021-09-15 19:30:04,734 INFO org.apache.hadoop.hdfs.server.namenode.FSNamesystem: Registered FSNamesystemState MBean
2021-09-15 19:30:04,742 INFO org.apache.hadoop.hdfs.server.namenode.LeaseManager: Number of blocks under construction: 2
2021-09-15 19:30:04,750 INFO org.apache.hadoop.hdfs.StateChange: STATE* Safe mode ON. 
The reported blocks 0 needs additional 10 blocks to reach the threshold 0.9990 of total blocks 11.
The minimum number of live datanodes is not required. Safe mode will be turned off automatically once the thresholds have been reached.
2021-09-15 19:30:04,769 INFO org.apache.hadoop.ipc.Server: IPC Server Responder: starting
2021-09-15 19:30:04,769 INFO org.apache.hadoop.ipc.Server: IPC Server listener on 9000: starting
2021-09-15 19:30:04,772 INFO org.apache.hadoop.hdfs.server.namenode.NameNode: NameNode RPC up at: localhost/127.0.0.1:9000
2021-09-15 19:30:04,774 INFO org.apache.hadoop.hdfs.server.namenode.FSNamesystem: Starting services required for active state
2021-09-15 19:30:04,774 INFO org.apache.hadoop.hdfs.server.namenode.FSDirectory: Initializing quota with 4 thread(s)
2021-09-15 19:30:04,779 INFO org.apache.hadoop.hdfs.server.namenode.FSDirectory: Quota initialization completed in 5 milliseconds
name space=45
storage space=536884551
storage types=RAM_DISK=0, SSD=0, DISK=10416, ARCHIVE=0
2021-09-15 19:30:04,783 INFO org.apache.hadoop.hdfs.server.blockmanagement.CacheReplicationMonitor: Starting CacheReplicationMonitor with interval 30000 milliseconds
2021-09-15 19:30:08,547 INFO org.apache.hadoop.hdfs.StateChange: BLOCK* registerDatanode: from DatanodeRegistration(127.0.0.1:50010, datanodeUuid=28003b64-6156-4e62-a2b3-95b94bce12a2, infoPort=50075, infoSecurePort=0, ipcPort=50020, storageInfo=lv=-57;cid=CID-7e616e31-d9a2-40ad-8539-efd9597a1c83;nsid=629423061;c=1631719118170) storage 28003b64-6156-4e62-a2b3-95b94bce12a2
2021-09-15 19:30:08,548 INFO org.apache.hadoop.net.NetworkTopology: Adding a new node: /default-rack/127.0.0.1:50010
2021-09-15 19:30:08,548 INFO org.apache.hadoop.hdfs.server.blockmanagement.BlockReportLeaseManager: Registered DN 28003b64-6156-4e62-a2b3-95b94bce12a2 (127.0.0.1:50010).
2021-09-15 19:30:08,612 INFO org.apache.hadoop.hdfs.server.blockmanagement.DatanodeDescriptor: Adding new storage ID DS-9a800ec1-f62a-4414-91fc-1117a3ef83fc for DN 127.0.0.1:50010
2021-09-15 19:30:08,649 INFO BlockStateChange: BLOCK* processReport 0x64752402172e836c: Processing first storage report for DS-9a800ec1-f62a-4414-91fc-1117a3ef83fc from datanode 28003b64-6156-4e62-a2b3-95b94bce12a2
2021-09-15 19:30:08,651 INFO org.apache.hadoop.hdfs.server.blockmanagement.BlockManager: initializing replication queues
2021-09-15 19:30:08,651 INFO org.apache.hadoop.hdfs.StateChange: STATE* Safe mode extension entered. 
The reported blocks 10 has reached the threshold 0.9990 of total blocks 11. The minimum number of live datanodes is not required. In safe mode extension. Safe mode will be turned off automatically in 30 seconds.
2021-09-15 19:30:08,653 INFO BlockStateChange: BLOCK* processReport 0x64752402172e836c: from storage DS-9a800ec1-f62a-4414-91fc-1117a3ef83fc node DatanodeRegistration(127.0.0.1:50010, datanodeUuid=28003b64-6156-4e62-a2b3-95b94bce12a2, infoPort=50075, infoSecurePort=0, ipcPort=50020, storageInfo=lv=-57;cid=CID-7e616e31-d9a2-40ad-8539-efd9597a1c83;nsid=629423061;c=1631719118170), blocks: 13, hasStaleStorage: false, processing time: 4 msecs, invalidatedBlocks: 0
2021-09-15 19:30:08,654 INFO org.apache.hadoop.hdfs.server.blockmanagement.BlockManager: Total number of blocks            = 13
2021-09-15 19:30:08,654 INFO org.apache.hadoop.hdfs.server.blockmanagement.BlockManager: Number of invalid blocks          = 0
2021-09-15 19:30:08,654 INFO org.apache.hadoop.hdfs.server.blockmanagement.BlockManager: Number of under-replicated blocks = 0
2021-09-15 19:30:08,654 INFO org.apache.hadoop.hdfs.server.blockmanagement.BlockManager: Number of  over-replicated blocks = 0
2021-09-15 19:30:08,654 INFO org.apache.hadoop.hdfs.server.blockmanagement.BlockManager: Number of blocks being written    = 2
2021-09-15 19:30:08,654 INFO org.apache.hadoop.hdfs.StateChange: STATE* Replication Queue initialization scan for invalid, over- and under-replicated blocks completed in 3 msec
2021-09-15 19:30:28,658 INFO org.apache.hadoop.hdfs.StateChange: STATE* Safe mode ON, in safe mode extension. 
The reported blocks 11 has reached the threshold 0.9990 of total blocks 11. The minimum number of live datanodes is not required. In safe mode extension. Safe mode will be turned off automatically in 9 seconds.
2021-09-15 19:30:38,661 INFO org.apache.hadoop.hdfs.StateChange: STATE* Safe mode is OFF
2021-09-15 19:30:38,661 INFO org.apache.hadoop.hdfs.StateChange: STATE* Leaving safe mode after 33 secs
2021-09-15 19:30:38,662 INFO org.apache.hadoop.hdfs.StateChange: STATE* Network topology has 1 racks and 1 datanodes
2021-09-15 19:30:38,662 INFO org.apache.hadoop.hdfs.StateChange: STATE* UnderReplicatedBlocks has 0 blocks
2021-09-15 19:31:15,155 INFO org.apache.hadoop.hdfs.server.namenode.FSEditLog: Number of transactions: 2 Total time for transactions(ms): 1 Number of transactions batched in Syncs: 136 Number of syncs: 2 SyncTimes(ms): 8 
2021-09-15 19:31:15,675 INFO org.apache.hadoop.hdfs.server.namenode.FSNamesystem: recoverLease: [Lease.  Holder: DFSClient_NONMAPREDUCE_1478952830_1, pending creates: 1], src=/hbase/MasterProcWALs/state-00000000000000000003.log from client DFSClient_NONMAPREDUCE_1478952830_1
2021-09-15 19:31:15,675 INFO org.apache.hadoop.hdfs.server.namenode.FSNamesystem: Recovering [Lease.  Holder: DFSClient_NONMAPREDUCE_1478952830_1, pending creates: 1], src=/hbase/MasterProcWALs/state-00000000000000000003.log
2021-09-15 19:31:15,675 WARN org.apache.hadoop.hdfs.StateChange: BLOCK* internalReleaseLease: All existing blocks are COMPLETE, lease removed, file /hbase/MasterProcWALs/state-00000000000000000003.log closed.
2021-09-15 19:31:19,489 INFO org.apache.hadoop.hdfs.StateChange: BLOCK* allocate blk_1073741840_1016, replicas=127.0.0.1:50010 for /hbase/WALs/id2221,16201,1631727070961/id2221%2C16201%2C1631727070961.1631727079432
2021-09-15 19:31:19,573 INFO org.apache.hadoop.hdfs.StateChange: BLOCK* fsync: /hbase/WALs/id2221,16201,1631727070961/id2221%2C16201%2C1631727070961.1631727079432 for DFSClient_NONMAPREDUCE_-66033565_1
2021-09-15 19:31:20,371 INFO org.apache.hadoop.hdfs.server.namenode.FSNamesystem: recoverLease: [Lease.  Holder: DFSClient_NONMAPREDUCE_-1580456705_1, pending creates: 2], src=/hbase/WALs/id2221,16201,1631721890380-splitting/id2221%2C16201%2C1631721890380.meta.1631725501758.meta from client DFSClient_NONMAPREDUCE_-1580456705_1
2021-09-15 19:31:20,371 INFO org.apache.hadoop.hdfs.server.namenode.FSNamesystem: Recovering [Lease.  Holder: DFSClient_NONMAPREDUCE_-1580456705_1, pending creates: 2], src=/hbase/WALs/id2221,16201,1631721890380-splitting/id2221%2C16201%2C1631721890380.meta.1631725501758.meta
2021-09-15 19:31:20,372 WARN org.apache.hadoop.hdfs.StateChange: DIR* NameSystem.internalReleaseLease: File /hbase/WALs/id2221,16201,1631721890380-splitting/id2221%2C16201%2C1631721890380.meta.1631725501758.meta has not been closed. Lease recovery is in progress. RecoveryId = 1017 for block blk_1073741837_1013
2021-09-15 19:31:20,587 INFO org.apache.hadoop.hdfs.server.namenode.FSNamesystem: commitBlockSynchronization(oldBlock=BP-1515460294-127.0.1.1-1631719118170:blk_1073741837_1013, newgenerationstamp=1017, newlength=83, newtargets=[127.0.0.1:50010], closeFile=true, deleteBlock=false)
2021-09-15 19:31:20,589 INFO org.apache.hadoop.hdfs.server.namenode.FSNamesystem: commitBlockSynchronization(oldBlock=BP-1515460294-127.0.1.1-1631719118170:blk_1073741837_1013, file=/hbase/WALs/id2221,16201,1631721890380-splitting/id2221%2C16201%2C1631721890380.meta.1631725501758.meta, newgenerationstamp=1017, newlength=83, newtargets=[127.0.0.1:50010]) successful
2021-09-15 19:31:24,475 INFO org.apache.hadoop.ipc.Server: IPC Server handler 6 on default port 9000, call Call#62 Retry#0 org.apache.hadoop.hdfs.protocol.ClientProtocol.delete from 127.0.0.1:60102
org.apache.hadoop.fs.PathIsNotEmptyDirectoryException: `/hbase/WALs/id2221,16201,1631721890380-splitting is non empty': Directory is not empty
	at org.apache.hadoop.hdfs.server.namenode.FSDirDeleteOp.delete(FSDirDeleteOp.java:115)
	at org.apache.hadoop.hdfs.server.namenode.FSNamesystem.delete(FSNamesystem.java:2868)
	at org.apache.hadoop.hdfs.server.namenode.NameNodeRpcServer.delete(NameNodeRpcServer.java:1101)
	at org.apache.hadoop.hdfs.protocolPB.ClientNamenodeProtocolServerSideTranslatorPB.delete(ClientNamenodeProtocolServerSideTranslatorPB.java:648)
	at org.apache.hadoop.hdfs.protocol.proto.ClientNamenodeProtocolProtos$ClientNamenodeProtocol$2.callBlockingMethod(ClientNamenodeProtocolProtos.java)
	at org.apache.hadoop.ipc.ProtobufRpcEngine$Server$ProtoBufRpcInvoker.call(ProtobufRpcEngine.java:507)
	at org.apache.hadoop.ipc.RPC$Server.call(RPC.java:1034)
	at org.apache.hadoop.ipc.Server$RpcCall.run(Server.java:1003)
	at org.apache.hadoop.ipc.Server$RpcCall.run(Server.java:931)
	at java.security.AccessController.doPrivileged(Native Method)
	at javax.security.auth.Subject.doAs(Subject.java:422)
	at org.apache.hadoop.security.UserGroupInformation.doAs(UserGroupInformation.java:1926)
	at org.apache.hadoop.ipc.Server$Handler.run(Server.java:2854)
2021-09-15 19:31:24,580 INFO org.apache.hadoop.ipc.Server: IPC Server handler 4 on default port 9000, call Call#69 Retry#0 org.apache.hadoop.hdfs.protocol.ClientProtocol.delete from 127.0.0.1:60102
org.apache.hadoop.fs.PathIsNotEmptyDirectoryException: `/hbase/WALs/id2221,16201,1631721890380-splitting is non empty': Directory is not empty
	at org.apache.hadoop.hdfs.server.namenode.FSDirDeleteOp.delete(FSDirDeleteOp.java:115)
	at org.apache.hadoop.hdfs.server.namenode.FSNamesystem.delete(FSNamesystem.java:2868)
	at org.apache.hadoop.hdfs.server.namenode.NameNodeRpcServer.delete(NameNodeRpcServer.java:1101)
	at org.apache.hadoop.hdfs.protocolPB.ClientNamenodeProtocolServerSideTranslatorPB.delete(ClientNamenodeProtocolServerSideTranslatorPB.java:648)
	at org.apache.hadoop.hdfs.protocol.proto.ClientNamenodeProtocolProtos$ClientNamenodeProtocol$2.callBlockingMethod(ClientNamenodeProtocolProtos.java)
	at org.apache.hadoop.ipc.ProtobufRpcEngine$Server$ProtoBufRpcInvoker.call(ProtobufRpcEngine.java:507)
	at org.apache.hadoop.ipc.RPC$Server.call(RPC.java:1034)
	at org.apache.hadoop.ipc.Server$RpcCall.run(Server.java:1003)
	at org.apache.hadoop.ipc.Server$RpcCall.run(Server.java:931)
	at java.security.AccessController.doPrivileged(Native Method)
	at javax.security.auth.Subject.doAs(Subject.java:422)
	at org.apache.hadoop.security.UserGroupInformation.doAs(UserGroupInformation.java:1926)
	at org.apache.hadoop.ipc.Server$Handler.run(Server.java:2854)
2021-09-15 19:31:24,657 INFO org.apache.hadoop.hdfs.StateChange: BLOCK* allocate blk_1073741841_1018, replicas=127.0.0.1:50010 for /hbase/WALs/id2221,16201,1631727070961/id2221%2C16201%2C1631727070961.meta.1631727084648.meta
2021-09-15 19:31:24,667 INFO org.apache.hadoop.hdfs.StateChange: BLOCK* fsync: /hbase/WALs/id2221,16201,1631727070961/id2221%2C16201%2C1631727070961.meta.1631727084648.meta for DFSClient_NONMAPREDUCE_-66033565_1
2021-09-15 19:31:24,916 INFO org.apache.hadoop.hdfs.StateChange: DIR* completeFile: /hbase/data/hbase/meta/1588230740/recovered.edits/9.seqid is closed by DFSClient_NONMAPREDUCE_-66033565_1
2021-09-15 19:31:25,276 INFO org.apache.hadoop.hdfs.StateChange: BLOCK* allocate blk_1073741842_1019, replicas=127.0.0.1:50010 for /hbase/MasterProcWALs/state-00000000000000000004.log
2021-09-15 19:31:25,315 INFO org.apache.hadoop.hdfs.StateChange: BLOCK* fsync: /hbase/MasterProcWALs/state-00000000000000000004.log for DFSClient_NONMAPREDUCE_1964188556_1
2021-09-15 19:31:25,593 INFO org.apache.hadoop.hdfs.server.namenode.FSNamesystem: recoverLease: [Lease.  Holder: DFSClient_NONMAPREDUCE_-1580456705_1, pending creates: 1], src=/hbase/WALs/id2221,16201,1631721890380-splitting/id2221%2C16201%2C1631721890380.1631725506582 from client DFSClient_NONMAPREDUCE_-1580456705_1
2021-09-15 19:31:25,594 INFO org.apache.hadoop.hdfs.server.namenode.FSNamesystem: Recovering [Lease.  Holder: DFSClient_NONMAPREDUCE_-1580456705_1, pending creates: 1], src=/hbase/WALs/id2221,16201,1631721890380-splitting/id2221%2C16201%2C1631721890380.1631725506582
2021-09-15 19:31:25,594 WARN org.apache.hadoop.hdfs.StateChange: DIR* NameSystem.internalReleaseLease: File /hbase/WALs/id2221,16201,1631721890380-splitting/id2221%2C16201%2C1631721890380.1631725506582 has not been closed. Lease recovery is in progress. RecoveryId = 1020 for block blk_1073741838_1014
2021-09-15 19:31:26,568 INFO org.apache.hadoop.hdfs.server.namenode.FSNamesystem: commitBlockSynchronization(oldBlock=BP-1515460294-127.0.1.1-1631719118170:blk_1073741838_1014, newgenerationstamp=1020, newlength=83, newtargets=[127.0.0.1:50010], closeFile=true, deleteBlock=false)
2021-09-15 19:31:26,569 INFO org.apache.hadoop.hdfs.server.namenode.FSNamesystem: commitBlockSynchronization(oldBlock=BP-1515460294-127.0.1.1-1631719118170:blk_1073741838_1014, file=/hbase/WALs/id2221,16201,1631721890380-splitting/id2221%2C16201%2C1631721890380.1631725506582, newgenerationstamp=1020, newlength=83, newtargets=[127.0.0.1:50010]) successful
2021-09-15 19:31:29,830 INFO org.apache.hadoop.hdfs.StateChange: DIR* completeFile: /hbase/data/hbase/namespace/27af53a2254ff1b8df84094a94421902/recovered.edits/8.seqid is closed by DFSClient_NONMAPREDUCE_-66033565_1
2021-09-15 19:31:45,848 INFO org.apache.hadoop.hdfs.StateChange: DIR* completeFile: /hbase/MasterProcWALs/state-00000000000000000004.log is closed by DFSClient_NONMAPREDUCE_1964188556_1
